<?xml version="1.0" encoding="UTF-8"?>
<!-- Generated by org.testng.reporters.JUnitXMLReporter -->
<testsuite hostname="BA-000289023" ignored="0" name="RCMSRegressionTests" tests="257" failures="70" timestamp="2022-12-08T05:01:35 IST" time="4157.941" errors="0">
  <testcase name="testMethod_activation" time="21.399" classname="com.telus.rcms.tests.Activation.TC01_Telus_DB_DF_BIB_ACB_TIA_TIP_AF"/>
  <testcase name="testMethod_activation" time="11.526" classname="com.telus.rcms.tests.Activation.TC02_Koodo_with_TAB_HWS"/>
  <testcase name="testMethod_activation" time="7.893" classname="com.telus.rcms.tests.Activation.TC03_Koodo_with_SIM_ONLY">
    <failure type="com.intuit.karate.exception.KarateException" message="activationTC3.feature:12 - path: $, actual: 401, expected: 200, reason: not equal (Integer)">
      <![CDATA[com.intuit.karate.exception.KarateException: activationTC3.feature:12 - path: $, actual: 401, expected: 200, reason: not equal (Integer)
at ✽.Then match tc03ActivateKoodoWithSimOnlyStatus == 200 (activationTC3.feature:12)
]]>
    </failure>
  </testcase> <!-- testMethod_activation -->
  <testcase name="testMethod_activation" time="10.815" classname="com.telus.rcms.tests.Activation.TC04_Prepaid_with_PRESOC_PRECREDIT"/>
  <testcase name="testMethod_activation" time="10.737" classname="com.telus.rcms.tests.Activation.TC05_Telus_with_ACCESSORYFINANCE"/>
  <testcase name="testMethod_activation" time="12.617" classname="com.telus.rcms.tests.Activation.TC06_Telus_with_no_reward_acc_SIM_ONLY"/>
  <testcase name="testMethod_activation" time="11.123" classname="com.telus.rcms.tests.Activation.TC07_Telus_with_TIA_TIP"/>
  <testcase name="testMethod_activation" time="6.397" classname="com.telus.rcms.tests.Activation.TC08_Telus_with_ACB"/>
  <testcase name="testMethod_Exchange" time="10.279" classname="com.telus.rcms.tests.AddAgreementItem.TC01_Telus_Add_AF"/>
  <testcase name="testMethod_Exchange" time="9.704" classname="com.telus.rcms.tests.AddAgreementItem.TC02_Telus_TIA_TIP_Add_AF"/>
  <testcase name="testMethod_Exchange" time="10.928" classname="com.telus.rcms.tests.AddAgreementItem.TC03_Telus_DB_DF_BIB_ACB_TIA_TIP_Add_AF"/>
  <testcase name="testMethod_Exchange" time="7.723" classname="com.telus.rcms.tests.AddAgreementItem.TC04_Telus_DB_DF_AF_Add_AF">
    <failure type="com.intuit.karate.exception.KarateException" message="activationTC26.feature:11 - path: $, actual: 401, expected: 200, reason: not equal (Integer)">
      <![CDATA[com.intuit.karate.exception.KarateException: activationTC26.feature:11 - path: $, actual: 401, expected: 200, reason: not equal (Integer)
at ✽.Then match apiStatus == 200 (activationTC26.feature:11)
]]>
    </failure>
  </testcase> <!-- testMethod_Exchange -->
  <testcase name="testMethod_Exchange" time="9.896" classname="com.telus.rcms.tests.AddAgreementItem.TC05_Telus_with_no_reward_acc_SIM_ONLY_Add_AF"/>
  <testcase name="testMethod_Exchange" time="8.814" classname="com.telus.rcms.tests.AddAgreementItem.TC06_Telus_TAB_HWS_Add_AF"/>
  <testcase name="testMethod_Exchange" time="10.887" classname="com.telus.rcms.tests.AddAgreementItem.TC07_Telus_DB_DF_AF_Add_AF_Bal_0"/>
  <testcase name="testMethod_Exchange" time="8.997" classname="com.telus.rcms.tests.AddAgreementItem.TC08_Telus_TIA_TIP_Add_AF_EndDate"/>
  <testcase name="testMethod_Termination" time="11.531" classname="com.telus.rcms.tests.AdjustRewardBalance.TC018_Telus_DF_DB_RCB_AdRewardBalance_RCB_MANUAL_INSTALLMENT">
    <failure type="com.intuit.karate.exception.KarateException" message="activationTC23.feature:11 - path: $, actual: 401, expected: 200, reason: not equal (Integer)">
      <![CDATA[com.intuit.karate.exception.KarateException: activationTC23.feature:11 - path: $, actual: 401, expected: 200, reason: not equal (Integer)
at ✽.Then match tc07RenewalStatus == 200 (activationTC23.feature:11)
]]>
    </failure>
  </testcase> <!-- testMethod_Termination -->
  <testcase name="testMethod_Activation" time="12.258" classname="com.telus.rcms.tests.AdjustRewardBalance.TC01_Telus_DB_DF_BIB_ACB_TIA_TIP_AF_AdRewardBalance_CORRECTION"/>
  <testcase name="testMethod_Activation" time="10.396" classname="com.telus.rcms.tests.AdjustRewardBalance.TC02_Telus_DB_DF_BIB_ACB_TIA_TIP_AF_AdRewardBalance_LUMPSUM_PAYMENT">
    <failure type="com.intuit.karate.exception.KarateException" message="AdjustRewardBalanceTC2.feature:13 - path: $, actual: 503, expected: 200, reason: not equal (Integer)">
      <![CDATA[com.intuit.karate.exception.KarateException: AdjustRewardBalanceTC2.feature:13 - path: $, actual: 503, expected: 200, reason: not equal (Integer)
at ✽.Then match apiDetailsStatus == 200 (AdjustRewardBalanceTC2.feature:13)
]]>
    </failure>
  </testcase> <!-- testMethod_Activation -->
  <testcase name="testMethod_Activation" time="11.715" classname="com.telus.rcms.tests.AdjustRewardBalance.TC03_Telus_DB_DF_BIB_ACB_TIA_TIP_AF_AdRewardBalance_CANCELLATION_PAYMENT"/>
  <testcase name="testMethod_Activation" time="11.449" classname="com.telus.rcms.tests.AdjustRewardBalance.TC04_Telus_DB_DF_BIB_ACB_TIA_TIP_AF_AdRewardBalance_RESTORE_RETURN"/>
  <testcase name="testMethod_Activation" time="8.805" classname="com.telus.rcms.tests.AdjustRewardBalance.TC05_Telus_DB_DF_BIB_ACB_TIA_TIP_AF_AdRewardBalance_RESTORE_RETURN_AF_0">
    <failure type="com.intuit.karate.exception.KarateException" message="AdjustRewardBalanceTC5.feature:14 - path: $, actual: 503, expected: 200, reason: not equal (Integer)">
      <![CDATA[com.intuit.karate.exception.KarateException: AdjustRewardBalanceTC5.feature:14 - path: $, actual: 503, expected: 200, reason: not equal (Integer)
at ✽.Then match apiDetailsStatus == 200 (AdjustRewardBalanceTC5.feature:14)
]]>
    </failure>
  </testcase> <!-- testMethod_Activation -->
  <testcase name="testMethod_Activation" time="12.166" classname="com.telus.rcms.tests.AdjustRewardBalance.TC06_Telus_DB_DF_BIB_ACB_TIA_TIP_AF_AdRewardBalance_LUMPSUM_PAYMENT_AF_0"/>
  <testcase name="testMethod_Activation" time="13.016" classname="com.telus.rcms.tests.AdjustRewardBalance.TC07_Koodo_with_TAB_HWS_AdRewardBalance_GOODWILL"/>
  <testcase name="testMethod_Activation" time="12.143" classname="com.telus.rcms.tests.AdjustRewardBalance.TC08_Koodo_with_TAB_HWS_AdRewardBalance_RETAIL"/>
  <testcase name="testMethod_Activation" time="12.766" classname="com.telus.rcms.tests.AdjustRewardBalance.TC09_Koodo_with_TAB_HWS_AdRewardBalance_BILLING"/>
  <testcase name="testMethod_Activation" time="13.234" classname="com.telus.rcms.tests.AdjustRewardBalance.TC10_Koodo_with_TAB_HWS_AdRewardBalance_CORRECTION"/>
  <testcase name="testMethod_Activation" time="8.98" classname="com.telus.rcms.tests.AdjustRewardBalance.TC11_Koodo_with_TAB_AdRewardBalance_GOODWILL_TAB_0">
    <failure type="com.intuit.karate.exception.KarateException" message="activationTC21.feature:13 - path: $, actual: 401, expected: 200, reason: not equal (Integer)">
      <![CDATA[com.intuit.karate.exception.KarateException: activationTC21.feature:13 - path: $, actual: 401, expected: 200, reason: not equal (Integer)
at ✽.Then match tc02ActivateKoodoTAB_HWSStatus == 200 (activationTC21.feature:13)
]]>
    </failure>
  </testcase> <!-- testMethod_Activation -->
  <testcase name="testMethod_Activation" time="13.044" classname="com.telus.rcms.tests.AdjustRewardBalance.TC12_Koodo_with_HWS_AdRewardBalance_RETAIL_HWS_0"/>
  <testcase name="testMethod_Termination" time="12.606" classname="com.telus.rcms.tests.AdjustRewardBalance.TC13_Telus_DB_DF_BIB_ACB_AdRewardBalance_FINANCE_CORRECTION"/>
  <testcase name="testMethod_Termination" time="15.206" classname="com.telus.rcms.tests.AdjustRewardBalance.TC14_Telus_DB_DF_BIB_ACB_AdRewardBalance_HARDWARE_CORRECTION">
    <failure type="com.intuit.karate.exception.KarateException" message="AdjustRewardBalanceTC14.feature:13 - path: $, actual: 503, expected: 200, reason: not equal (Integer)">
      <![CDATA[com.intuit.karate.exception.KarateException: AdjustRewardBalanceTC14.feature:13 - path: $, actual: 503, expected: 200, reason: not equal (Integer)
at ✽.Then match apiDetailsStatus == 200 (AdjustRewardBalanceTC14.feature:13)
]]>
    </failure>
  </testcase> <!-- testMethod_Termination -->
  <testcase name="testMethod_Termination" time="12.533" classname="com.telus.rcms.tests.AdjustRewardBalance.TC15_Telus_DB_DF_BIB_ACB_AdRewardBalance_BIB_CORRECTION">
    <failure type="junit.framework.AssertionFailedError" message="{message=failure to get a peer from the ring-balancer}">
      <![CDATA[junit.framework.AssertionFailedError: {message=failure to get a peer from the ring-balancer}
at junit.framework.Assert.fail(Assert.java:47)
at com.telus.rcms.tests.AdjustRewardBalance.TC15_Telus_DB_DF_BIB_ACB_AdRewardBalance_BIB_CORRECTION.testMethod_Termination(TC15_Telus_DB_DF_BIB_ACB_AdRewardBalance_BIB_CORRECTION.java:144)
at java.util.concurrent.ThreadPoolExecutor.runWorker(Unknown Source)
at java.util.concurrent.ThreadPoolExecutor$Worker.run(Unknown Source)
at java.lang.Thread.run(Unknown Source)
... Removed 12 stack frames]]>
    </failure>
  </testcase> <!-- testMethod_Termination -->
  <testcase name="testMethod_Termination" time="12.714" classname="com.telus.rcms.tests.AdjustRewardBalance.TC17_Telus_DB_DF_BIB_ACB_AdRewardBalance_ACB_MANUAL_INSTALLMENT"/>
  <testcase name="testMethod_Activation" time="10.73" classname="com.telus.rcms.tests.AdjustRewardBalance.TC19_Telus_DB_DF_BIB_ACB_TIA_TIP_AF_AdRewardBalance_CORRECTION_AF_0">
    <failure type="com.intuit.karate.exception.KarateException" message="AdjustRewardBalanceTC1.feature:13 - path: $, actual: 503, expected: 200, reason: not equal (Integer)">
      <![CDATA[com.intuit.karate.exception.KarateException: AdjustRewardBalanceTC1.feature:13 - path: $, actual: 503, expected: 200, reason: not equal (Integer)
at ✽.Then match apiDetailsStatus == 200 (AdjustRewardBalanceTC1.feature:13)
]]>
    </failure>
  </testcase> <!-- testMethod_Activation -->
  <testcase name="testMethod_applyPromoforSubList" time="14.945" classname="com.telus.rcms.tests.applyPromoforSubList.TC01_Telus_DB_DF_BIB_ACB_RCB_applyPromoForSubList"/>
  <testcase name="testMethod_applyPromoforSubList" time="11.856" classname="com.telus.rcms.tests.applyPromoforSubList.TC02_Telus_PRESOC_applyPromoForSubList">
    <failure type="java.lang.NullPointerException">
      <![CDATA[java.lang.NullPointerException
at com.telus.rcms.utils.GenericUtils.validateActivationAfterRenewal(GenericUtils.java:3365)
at com.telus.rcms.tests.applyPromoforSubList.TC02_Telus_PRESOC_applyPromoForSubList.payloadAndDbCheck(TC02_Telus_PRESOC_applyPromoForSubList.java:189)
at com.telus.rcms.tests.applyPromoforSubList.TC02_Telus_PRESOC_applyPromoForSubList.testMethod_applyPromoforSubList(TC02_Telus_PRESOC_applyPromoForSubList.java:169)
at java.util.concurrent.ThreadPoolExecutor.runWorker(Unknown Source)
at java.util.concurrent.ThreadPoolExecutor$Worker.run(Unknown Source)
at java.lang.Thread.run(Unknown Source)
... Removed 12 stack frames]]>
    </failure>
  </testcase> <!-- testMethod_applyPromoforSubList -->
  <testcase name="testMethod_applyPromoforSubList" time="11.721" classname="com.telus.rcms.tests.applyPromoforSubList.TC03_Telus_PRECREDIT_applyPromoForSubList">
    <failure type="com.intuit.karate.exception.KarateException" message="notifySubscriptionRenewalTC03.feature:11 - path: $, actual: 401, expected: 200, reason: not equal (Integer)">
      <![CDATA[com.intuit.karate.exception.KarateException: notifySubscriptionRenewalTC03.feature:11 - path: $, actual: 401, expected: 200, reason: not equal (Integer)
at ✽.Then match tc03RenewalStatus == 200 (notifySubscriptionRenewalTC03.feature:11)
]]>
    </failure>
  </testcase> <!-- testMethod_applyPromoforSubList -->
  <testcase name="testMethod_activation" time="10.413" classname="com.telus.rcms.tests.Cancellation.TC01_Telus_AF_Cancel"/>
  <testcase name="testMethod_activation" time="7.136" classname="com.telus.rcms.tests.Cancellation.TC02_Telus_TIA_TIP_AF_Cancel">
    <failure type="com.intuit.karate.exception.KarateException" message="activationTC4.feature:12 - path: $, actual: 401, expected: 200, reason: not equal (Integer)">
      <![CDATA[com.intuit.karate.exception.KarateException: activationTC4.feature:12 - path: $, actual: 401, expected: 200, reason: not equal (Integer)
at ✽.Then match tc04ActivateTelusSubwithTIA_TIP_AFStatus == 200 (activationTC4.feature:12)
]]>
    </failure>
  </testcase> <!-- testMethod_activation -->
  <testcase name="testMethod_activation" time="8.502" classname="com.telus.rcms.tests.Cancellation.TC03_Telus_DB_DF_BIB_ACB_TIA_TIP_AF_Cancel"/>
  <testcase name="testMethod_Renewal" time="14.903" classname="com.telus.rcms.tests.Cancellation.TC04_Telus_DB_DF_BIB_ACB_TIA_TIP_Renewal_DB_AF_Pay_BTP_Cancel"/>
  <testcase name="testMethod_Renewal" time="13.84" classname="com.telus.rcms.tests.Cancellation.TC05_Telus_DB_DF_BIB_Renewal_DB_Pay_TIP_Cancel">
    <failure type="com.intuit.karate.exception.KarateException" message="cancelTC5.feature:11 - path: $, actual: 401, expected: 200, reason: not equal (Integer)">
      <![CDATA[com.intuit.karate.exception.KarateException: cancelTC5.feature:11 - path: $, actual: 401, expected: 200, reason: not equal (Integer)
at ✽.Then match apiDetailsStatus == 200 (cancelTC5.feature:11)
]]>
    </failure>
  </testcase> <!-- testMethod_Renewal -->
  <testcase name="testMethod_activation" time="8.302" classname="com.telus.rcms.tests.Cancellation.TC06_Koodo_TAB_HWS_Cancel">
    <failure type="com.intuit.karate.exception.KarateException" message="cancelTC6.feature:11 - path: $, actual: 401, expected: 200, reason: not equal (Integer)">
      <![CDATA[com.intuit.karate.exception.KarateException: cancelTC6.feature:11 - path: $, actual: 401, expected: 200, reason: not equal (Integer)
at ✽.Then match apiDetailsStatus == 200 (cancelTC6.feature:11)
]]>
    </failure>
  </testcase> <!-- testMethod_activation -->
  <testcase name="testMethod_cancellation" time="15.949" classname="com.telus.rcms.tests.Cancellation.TC07_Telus_TAB_M_Renewal_TAB_HWS_Pay_TIP_Cancel"/>
  <testcase name="testMethod_activation" time="9.283" classname="com.telus.rcms.tests.Cancellation.TC08_Telus_PRESOC_PRECREDIT_Cancel">
    <failure type="com.intuit.karate.exception.KarateException" message="cancelTC8.feature:11 - path: $, actual: 401, expected: 200, reason: not equal (Integer)">
      <![CDATA[com.intuit.karate.exception.KarateException: cancelTC8.feature:11 - path: $, actual: 401, expected: 200, reason: not equal (Integer)
at ✽.Then match apiDetailsStatus == 200 (cancelTC8.feature:11)
]]>
    </failure>
  </testcase> <!-- testMethod_activation -->
  <testcase name="testMethod_activation" time="12.04" classname="com.telus.rcms.tests.Cancellation.TC09_Telus_DB_RCB_Cancel">
    <failure type="java.lang.NullPointerException">
      <![CDATA[java.lang.NullPointerException
at java.util.Hashtable.put(Unknown Source)
at java.util.Properties.setProperty(Unknown Source)
at java.lang.System.setProperty(Unknown Source)
at com.telus.rcms.tests.Cancellation.TC09_Telus_DB_RCB_Cancel.testMethod_activation(TC09_Telus_DB_RCB_Cancel.java:119)
at java.util.concurrent.ThreadPoolExecutor.runWorker(Unknown Source)
at java.util.concurrent.ThreadPoolExecutor$Worker.run(Unknown Source)
at java.lang.Thread.run(Unknown Source)
... Removed 12 stack frames]]>
    </failure>
  </testcase> <!-- testMethod_activation -->
  <testcase name="testMethod_Migration" time="10.826" classname="com.telus.rcms.tests.ExchangeAgreementItem.TC01_Telus_DB_TIA_AF_ExAgmtItem"/>
  <testcase name="testMethod_Migration" time="9.737" classname="com.telus.rcms.tests.ExchangeAgreementItem.TC02_Telus_DF_DB_ExAgmtItem"/>
  <testcase name="testMethod_Migration" time="11.065" classname="com.telus.rcms.tests.ExchangeAgreementItem.TC03_Telus_DB_ACB_TIA_TIP_AF_DF_ExAgmtItem"/>
  <testcase name="testMethod_Migration" time="13.373" classname="com.telus.rcms.tests.ExchangeAgreementItem.TC04_Telus_DB_ACB_TIA_TIP_AF_DF_ExAgItem"/>
  <testcase name="testMethod_Migration" time="11.0" classname="com.telus.rcms.tests.ExchangeAgreementItem.TC05_Telus_DB_ACB_TIA_TIP_DF_ExAgItem"/>
  <testcase name="testMethod_activation" time="9.659" classname="com.telus.rcms.tests.FutureActivation.TC01_Koodo_TAB_HWS"/>
  <testcase name="testMethod_activation" time="6.807" classname="com.telus.rcms.tests.FutureActivation.TC02_Koodo_TAB_HWS_with_PromoList">
    <failure type="com.intuit.karate.exception.KarateException" message="futureActivationTC2.feature:12 - path: $, actual: 401, expected: 200, reason: not equal (Integer)">
      <![CDATA[com.intuit.karate.exception.KarateException: futureActivationTC2.feature:12 - path: $, actual: 401, expected: 200, reason: not equal (Integer)
at ✽.Then match apiStatus == 200 (futureActivationTC2.feature:12)
]]>
    </failure>
  </testcase> <!-- testMethod_activation -->
  <testcase name="testMethod_activation" time="14.511" classname="com.telus.rcms.tests.FutureActivation.TC03_Koodo_SIM_ONLY"/>
  <testcase name="testMethod_activation" time="8.118" classname="com.telus.rcms.tests.FutureActivation.TC04_Telus_DB_DF_BIB_ACB">
    <failure type="java.lang.AssertionError" message="Values are Different. Actual Value from DB Column - REWARD_INSTLMNT_START_DT is : 2025-02-06 expected [2025-02-07] but found [2025-02-06]">
      <![CDATA[java.lang.AssertionError: Values are Different. Actual Value from DB Column - REWARD_INSTLMNT_START_DT is : 2025-02-06 expected [2025-02-07] but found [2025-02-06]
at com.telus.rcms.utils.GenericUtils.validateAssertEqualsFromDB(GenericUtils.java:187)
at com.telus.rcms.utils.ValidationUtils.payloadnDBCheckFutureAgrmtItem(ValidationUtils.java:1008)
at com.telus.rcms.tests.FutureActivation.TC04_Telus_DB_DF_BIB_ACB.payloadAndDbCheck(TC04_Telus_DB_DF_BIB_ACB.java:150)
at com.telus.rcms.tests.FutureActivation.TC04_Telus_DB_DF_BIB_ACB.testMethod_activation(TC04_Telus_DB_DF_BIB_ACB.java:128)
at java.util.concurrent.ThreadPoolExecutor.runWorker(Unknown Source)
at java.util.concurrent.ThreadPoolExecutor$Worker.run(Unknown Source)
at java.lang.Thread.run(Unknown Source)
... Removed 16 stack frames]]>
    </failure>
  </testcase> <!-- testMethod_activation -->
  <testcase name="testMethod_activation" time="9.105" classname="com.telus.rcms.tests.FutureActivation.TC05_Telus_DB_DF_BIB_ACB">
    <failure type="java.lang.AssertionError" message="Values are Different. Actual Value from DB Column - REWARD_INSTLMNT_START_DT is : 2025-02-06 expected [2025-02-07] but found [2025-02-06]">
      <![CDATA[java.lang.AssertionError: Values are Different. Actual Value from DB Column - REWARD_INSTLMNT_START_DT is : 2025-02-06 expected [2025-02-07] but found [2025-02-06]
at com.telus.rcms.utils.GenericUtils.validateAssertEqualsFromDB(GenericUtils.java:187)
at com.telus.rcms.utils.ValidationUtils.payloadnDBCheckFutureAgrmtItem(ValidationUtils.java:1008)
at com.telus.rcms.tests.FutureActivation.TC05_Telus_DB_DF_BIB_ACB.payloadAndDbCheck(TC05_Telus_DB_DF_BIB_ACB.java:150)
at com.telus.rcms.tests.FutureActivation.TC05_Telus_DB_DF_BIB_ACB.testMethod_activation(TC05_Telus_DB_DF_BIB_ACB.java:128)
at java.util.concurrent.ThreadPoolExecutor.runWorker(Unknown Source)
at java.util.concurrent.ThreadPoolExecutor$Worker.run(Unknown Source)
at java.lang.Thread.run(Unknown Source)
... Removed 16 stack frames]]>
    </failure>
  </testcase> <!-- testMethod_activation -->
  <testcase name="testMethod_activation" time="12.671" classname="com.telus.rcms.tests.FutureActivation.TC06_Telus_No_reward_acc_SIM_ONLY"/>
  <testcase name="testMethod_activation" time="9.138" classname="com.telus.rcms.tests.FutureActivation.TC07_Telus_TAB_HWS_DB_DF_BIB">
    <failure type="java.lang.AssertionError" message="Values are Different. Actual Value from DB Column - REWARD_INSTLMNT_START_DT is : 2025-02-06 expected [2025-02-07] but found [2025-02-06]">
      <![CDATA[java.lang.AssertionError: Values are Different. Actual Value from DB Column - REWARD_INSTLMNT_START_DT is : 2025-02-06 expected [2025-02-07] but found [2025-02-06]
at com.telus.rcms.utils.GenericUtils.validateAssertEqualsFromDB(GenericUtils.java:187)
at com.telus.rcms.utils.ValidationUtils.payloadnDBCheckFutureAgrmtItem(ValidationUtils.java:1008)
at com.telus.rcms.tests.FutureActivation.TC07_Telus_TAB_HWS_DB_DF_BIB.payloadAndDbCheck(TC07_Telus_TAB_HWS_DB_DF_BIB.java:151)
at com.telus.rcms.tests.FutureActivation.TC07_Telus_TAB_HWS_DB_DF_BIB.testMethod_activation(TC07_Telus_TAB_HWS_DB_DF_BIB.java:130)
at java.util.concurrent.ThreadPoolExecutor.runWorker(Unknown Source)
at java.util.concurrent.ThreadPoolExecutor$Worker.run(Unknown Source)
at java.lang.Thread.run(Unknown Source)
... Removed 16 stack frames]]>
    </failure>
  </testcase> <!-- testMethod_activation -->
  <testcase name="testMethod_activation" time="4.318" classname="com.telus.rcms.tests.FutureActivation.TC08_Telus_DB_DF_RCB">
    <failure type="java.lang.AssertionError" message="Values are Different. Actual Value from DB Column - REWARD_INSTLMNT_START_DT is : 2025-02-06 expected [2025-02-07] but found [2025-02-06]">
      <![CDATA[java.lang.AssertionError: Values are Different. Actual Value from DB Column - REWARD_INSTLMNT_START_DT is : 2025-02-06 expected [2025-02-07] but found [2025-02-06]
at com.telus.rcms.utils.GenericUtils.validateAssertEqualsFromDB(GenericUtils.java:187)
at com.telus.rcms.utils.ValidationUtils.payloadnDBCheckFutureAgrmtItem(ValidationUtils.java:1008)
at com.telus.rcms.tests.FutureActivation.TC08_Telus_DB_DF_RCB.payloadAndDbCheck(TC08_Telus_DB_DF_RCB.java:150)
at com.telus.rcms.tests.FutureActivation.TC08_Telus_DB_DF_RCB.testMethod_activation(TC08_Telus_DB_DF_RCB.java:128)
at java.util.concurrent.ThreadPoolExecutor.runWorker(Unknown Source)
at java.util.concurrent.ThreadPoolExecutor$Worker.run(Unknown Source)
at java.lang.Thread.run(Unknown Source)
... Removed 16 stack frames]]>
    </failure>
  </testcase> <!-- testMethod_activation -->
  <testcase name="testMethod_AccTerminationPenalty" time="11.685" classname="com.telus.rcms.tests.getAccTerminationPenalty.TC01_Sub1_DB_DF_BIB_ACB_AF"/>
  <testcase name="testMethod_AccTerminationPenalty" time="8.342" classname="com.telus.rcms.tests.getAccTerminationPenalty.TC02_Sub1_DB_BIB_RCB_AF_Sub2_DB_DF_RCB_BIB_AF">
    <failure type="com.intuit.karate.exception.KarateException" message="activationTC8.feature:12 - path: $, actual: 401, expected: 200, reason: not equal (Integer)">
      <![CDATA[com.intuit.karate.exception.KarateException: activationTC8.feature:12 - path: $, actual: 401, expected: 200, reason: not equal (Integer)
at ✽.Then match tc08ActivateTelusSubwithDFStatus == 200 (activationTC8.feature:12)
]]>
    </failure>
  </testcase> <!-- testMethod_AccTerminationPenalty -->
  <testcase name="testMethod_AccTerminationPenalty" time="8.126" classname="com.telus.rcms.tests.getAccTerminationPenalty.TC03_2Sub_DB_ACB">
    <failure type="com.intuit.karate.exception.KarateException" message="activationTC12.feature:12 - path: $, actual: 401, expected: 200, reason: not equal (Integer)">
      <![CDATA[com.intuit.karate.exception.KarateException: activationTC12.feature:12 - path: $, actual: 401, expected: 200, reason: not equal (Integer)
at ✽.Then match apiStatus == 200 (activationTC12.feature:12)
]]>
    </failure>
  </testcase> <!-- testMethod_AccTerminationPenalty -->
  <testcase name="testMethod_AccTerminationPenalty" time="14.558" classname="com.telus.rcms.tests.getAccTerminationPenalty.TC04_2Sub_TAB_HWS"/>
  <testcase name="testMethod_AccTerminationPenalty" time="12.18" classname="com.telus.rcms.tests.getAccTerminationPenalty.TC05_2Sub_TABL"/>
  <testcase name="testMethod_getChangeServiceCommitmentPenalty" time="16.054" classname="com.telus.rcms.tests.getChangeServCommitmentPenalty.TC01_Koodo_TAB_HWS_MSC_Broken"/>
  <testcase name="testMethod_getChangeServiceCommitmentPenalty" time="11.635" classname="com.telus.rcms.tests.getChangeServCommitmentPenalty.TC02_Koodo_TAB_HWS_CMT_Broken"/>
  <testcase name="testMethod_getChangeServiceCommitmentPenalty" time="8.874" classname="com.telus.rcms.tests.getChangeServCommitmentPenalty.TC03_Telus_DB_DF_BIB_RCB_AF_CMT_Broken">
    <failure type="com.intuit.karate.exception.KarateException" message="activationTC2.feature:13 - path: $, actual: 502, expected: 200, reason: not equal (Integer)">
      <![CDATA[com.intuit.karate.exception.KarateException: activationTC2.feature:13 - path: $, actual: 502, expected: 200, reason: not equal (Integer)
at ✽.Then match tc02ActivateKoodoTAB_HWSStatus == 200 (activationTC2.feature:13)
]]>
    </failure>
  </testcase> <!-- testMethod_getChangeServiceCommitmentPenalty -->
  <testcase name="testMethod_getChangeServiceCommitmentPenalty" time="11.81" classname="com.telus.rcms.tests.getChangeServCommitmentPenalty.TC04_Telus_DB_DF_BIB_RCB_AF_MSC_Broken"/>
  <testcase name="testMethod_getEarlyRenewalPenalty" time="10.227" classname="com.telus.rcms.tests.getEarlyRenewalPenalty.TC01_Telus_with_AF"/>
  <testcase name="testMethod_getEarlyRenewalPenalty" time="10.185" classname="com.telus.rcms.tests.getEarlyRenewalPenalty.TC02_Telus_with_TIA_TIP_AF"/>
  <testcase name="testMethod_getEarlyRenewalPenalty" time="10.286" classname="com.telus.rcms.tests.getEarlyRenewalPenalty.TC03_Telus_with_DB_DF_BIB_ACB_TIA_TIP_AF"/>
  <testcase name="testMethod_getEarlyRenewalPenalty" time="10.852" classname="com.telus.rcms.tests.getEarlyRenewalPenalty.TC04_Telus_with_DB_DF_RCB_AF"/>
  <testcase name="testMethod_getEarlyRenewalPenalty" time="11.087" classname="com.telus.rcms.tests.getEarlyRenewalPenalty.TC05_Telus_with_no_reward_account_SIM_ONLY_AF"/>
  <testcase name="testMethod_getEarlyRenewalPenalty" time="11.988" classname="com.telus.rcms.tests.getEarlyRenewalPenalty.TC06_Koodo_with_TAB_HWS"/>
  <testcase name="testMethod_getEarlyRenewalPenalty" time="11.531" classname="com.telus.rcms.tests.getEarlyRenewalPenalty.TC07_Koodo_with_SIM_ONLY"/>
  <testcase name="testMethod_getEarlyRenewalPenalty" time="10.378" classname="com.telus.rcms.tests.getEarlyRenewalPenalty.TC08_Koodo_with_TAB_S_in_HPA"/>
  <testcase name="testMethod_getEarlyRenewalPenalty" time="10.715" classname="com.telus.rcms.tests.getEarlyRenewalPenalty.TC09_Koodo_with_TAB_L_in_HPA"/>
  <testcase name="testMethod_getLoyaltyAccount" time="11.204" classname="com.telus.rcms.tests.getLoyaltyAccount.TC01_Telus_DF_AF_ACB_TIA_TIP"/>
  <testcase name="testMethod_getLoyaltyAccount" time="12.563" classname="com.telus.rcms.tests.getLoyaltyAccount.TC02_Telus_DB_DF_BIB_ACB_TIA_TIP_AF"/>
  <testcase name="testMethod_getLoyaltyAccount" time="13.465" classname="com.telus.rcms.tests.getLoyaltyAccount.TC03_Telus_DB_BIB_RCB"/>
  <testcase name="testMethod_getLoyaltyAccount" time="11.936" classname="com.telus.rcms.tests.getLoyaltyAccount.TC04_Telus_DB_DF_BIB">
    <failure type="com.intuit.karate.exception.KarateException" message="GetLoyaltyAccountTC01.feature:15 - path: $, actual: 503, expected: 200, reason: not equal (Integer)">
      <![CDATA[com.intuit.karate.exception.KarateException: GetLoyaltyAccountTC01.feature:15 - path: $, actual: 503, expected: 200, reason: not equal (Integer)
at ✽.Then match apiStatus == 200 (GetLoyaltyAccountTC01.feature:15)
]]>
    </failure>
  </testcase> <!-- testMethod_getLoyaltyAccount -->
  <testcase name="testMethod_getLoyaltyAccount" time="7.249" classname="com.telus.rcms.tests.getLoyaltyAccount.TC05_Koodo_with_TAB_HWS">
    <failure type="com.intuit.karate.exception.KarateException" message="activationTC2.feature:13 - path: $, actual: 401, expected: 200, reason: not equal (Integer)">
      <![CDATA[com.intuit.karate.exception.KarateException: activationTC2.feature:13 - path: $, actual: 401, expected: 200, reason: not equal (Integer)
at ✽.Then match tc02ActivateKoodoTAB_HWSStatus == 200 (activationTC2.feature:13)
]]>
    </failure>
  </testcase> <!-- testMethod_getLoyaltyAccount -->
  <testcase name="testMethod_getLoyaltyAgreement" time="8.9" classname="com.telus.rcms.tests.getLoyaltyAgreement.TC01_Telus_with_AF_Renewal_AF">
    <failure type="com.intuit.karate.exception.KarateException" message="renewalTC1.feature:11 - path: $, actual: 401, expected: 200, reason: not equal (Integer)">
      <![CDATA[com.intuit.karate.exception.KarateException: renewalTC1.feature:11 - path: $, actual: 401, expected: 200, reason: not equal (Integer)
at ✽.Then match apiStatus == 200 (renewalTC1.feature:11)
]]>
    </failure>
  </testcase> <!-- testMethod_getLoyaltyAgreement -->
  <testcase name="testMethod_getLoyaltyAgreement" time="10.851" classname="com.telus.rcms.tests.getLoyaltyAgreement.TC02_Telus_with_AF_Cancel">
    <failure type="com.intuit.karate.exception.KarateException" message="cancelTC1.feature:11 - path: $, actual: 401, expected: 200, reason: not equal (Integer)">
      <![CDATA[com.intuit.karate.exception.KarateException: cancelTC1.feature:11 - path: $, actual: 401, expected: 200, reason: not equal (Integer)
at ✽.Then match apiDetailsStatus == 200 (cancelTC1.feature:11)
]]>
    </failure>
  </testcase> <!-- testMethod_getLoyaltyAgreement -->
  <testcase name="testMethod_getLoyaltyAgreement" time="21.738" classname="com.telus.rcms.tests.getLoyaltyAgreement.TC03_Telus_with_DF_AF_TIA_TIP_Renewal_DF_Pay_BILL"/>
  <testcase name="testMethod_getLoyaltyAgreement" time="18.25" classname="com.telus.rcms.tests.getLoyaltyAgreement.TC04_Telus_with_DF_AF_TIA_TIP_Renewal_DF_Pay_BILL_Return"/>
  <testcase name="testMethod_getLoyaltyAgreement" time="8.309" classname="com.telus.rcms.tests.getLoyaltyAgreement.TC05_Telus_with_TIA_TIP_Update_DeviceReceived">
    <failure type="java.lang.RuntimeException" message="mismatched input &amp;apos;u&amp;apos; expecting &amp;lt;EOF&amp;gt;">
      <![CDATA[java.lang.RuntimeException: mismatched input 'u' expecting <EOF>
at com.intuit.karate.core.FeatureParser.<init>(FeatureParser.java:150)
at com.intuit.karate.core.FeatureParser.<init>(FeatureParser.java:126)
at com.intuit.karate.core.FeatureParser.parse(FeatureParser.java:69)
at com.intuit.karate.core.FeatureParser.parse(FeatureParser.java:76)
at com.intuit.karate.Runner.runFeature(Runner.java:181)
at com.telus.api.test.utils.APIJava.runKarateFeature(APIJava.java:85)
at com.telus.rcms.tests.getLoyaltyAgreement.TC05_Telus_with_TIA_TIP_Update_DeviceReceived.testMethod_getLoyaltyAgreement(TC05_Telus_with_TIA_TIP_Update_DeviceReceived.java:132)
at java.util.concurrent.ThreadPoolExecutor.runWorker(Unknown Source)
at java.util.concurrent.ThreadPoolExecutor$Worker.run(Unknown Source)
at java.lang.Thread.run(Unknown Source)
... Removed 12 stack frames]]>
    </failure>
  </testcase> <!-- testMethod_getLoyaltyAgreement -->
  <testcase name="testMethod_RewardCommitment" time="7.803" classname="com.telus.rcms.tests.getLoyaltyAgreement.TC06_Telus_with_DB_DF_BIB_ACB_TIA_TIP_Update_DeviceReceived">
    <failure type="com.intuit.karate.exception.KarateException" message="updateTC2.feature:5 - javascript evaluation failed: read(PATH_API_OPS+&amp;apos;UpdateItem/getLoyaltyAgreement/callUpdateTC2.feature&amp;apos;), mismatched input &amp;apos;u&amp;apos; expecting &amp;lt;EOF&amp;gt;">
      <![CDATA[com.intuit.karate.exception.KarateException: updateTC2.feature:5 - javascript evaluation failed: read(PATH_API_OPS+'UpdateItem/getLoyaltyAgreement/callUpdateTC2.feature'), mismatched input 'u' expecting <EOF>
at ✽.When def tc02UpdateTelusSubWithAllUpdate = call read(PATH_API_OPS+'UpdateItem/getLoyaltyAgreement/callUpdateTC2.feature') (updateTC2.feature:5)
]]>
    </failure>
  </testcase> <!-- testMethod_RewardCommitment -->
  <testcase name="testMethod_getLoyaltyAgreement" time="9.859" classname="com.telus.rcms.tests.getLoyaltyAgreement.TC07_Telus_with_DB_DF_BIB_ACB_TIA_TIP_Renewal_DB_Pay_BTP_Update_DeviceReceived">
    <failure type="com.intuit.karate.exception.KarateException" message="renewalTC3.feature:11 - path: $, actual: 401, expected: 200, reason: not equal (Integer)">
      <![CDATA[com.intuit.karate.exception.KarateException: renewalTC3.feature:11 - path: $, actual: 401, expected: 200, reason: not equal (Integer)
at ✽.Then match apiStatus == 200 (renewalTC3.feature:11)
]]>
    </failure>
  </testcase> <!-- testMethod_getLoyaltyAgreement -->
  <testcase name="testMethod_getLoyaltyAgreement" time="13.102" classname="com.telus.rcms.tests.getLoyaltyAgreement.TC08_Koodo_with_TAB_HWS"/>
  <testcase name="testMethod_getLoyaltyAgreement" time="19.937" classname="com.telus.rcms.tests.getLoyaltyAgreement.TC09_Telus_with_DB_DF_BIB_RCB"/>
  <testcase name="testMethod_getMigrationPenalty" time="11.491" classname="com.telus.rcms.tests.getMigrationPenalty.TC01_Prepaid_PRESOC_to_Postpaid_DB_DF"/>
  <testcase name="testMethod_getMigrationPenalty" time="13.923" classname="com.telus.rcms.tests.getMigrationPenalty.TC02_Postpaid_DB_DF_BIB_ACB_RCB_to_Prepaid_PRECREDIT"/>
  <testcase name="testMethod_getMigrationPenalty" time="13.172" classname="com.telus.rcms.tests.getMigrationPenalty.TC03_Postpaid_DB_DF_BIB_ACB_TIA_TIP_to_Prepaid_PRESOC"/>
  <testcase name="testMethod_getMigrationPenalty" time="13.582" classname="com.telus.rcms.tests.getMigrationPenalty.TC04_Postpaid_DB_DF_BIB_Renewal_DF_Pay_BTP_to_Prepaid"/>
  <testcase name="testMethod_getMigrationPenalty" time="17.42" classname="com.telus.rcms.tests.getMigrationPenalty.TC05_Postpaid_DB_DF_BIB_Renewal_DF_Pay_TIP_to_Prepaid"/>
  <testcase name="testMethod_getResumePenaltyAdjustmentList" time="13.609" classname="com.telus.rcms.tests.getResumePenaltyAdjustmentList.TC01_Telus_AF_Resume"/>
  <testcase name="testMethod_getResumePenaltyAdjustmentList" time="10.541" classname="com.telus.rcms.tests.getResumePenaltyAdjustmentList.TC02_Telus_TIA_TIP_AF_Resume">
    <failure type="com.intuit.karate.exception.KarateException" message="cancelTC2.feature:11 - path: $, actual: 500, expected: 200, reason: not equal (Integer)">
      <![CDATA[com.intuit.karate.exception.KarateException: cancelTC2.feature:11 - path: $, actual: 500, expected: 200, reason: not equal (Integer)
at ✽.Then match apiDetailsStatus == 200 (cancelTC2.feature:11)
]]>
    </failure>
  </testcase> <!-- testMethod_getResumePenaltyAdjustmentList -->
  <testcase name="testMethod_getResumePenaltyAdjustmentList" time="12.651" classname="com.telus.rcms.tests.getResumePenaltyAdjustmentList.TC03_Telus_DB_DF_BIB_ACB_TIA_TIP_AF_Resume"/>
  <testcase name="testMethod_getResumePenaltyAdjustmentList" time="15.381" classname="com.telus.rcms.tests.getResumePenaltyAdjustmentList.TC04_Telus_DB_DF_BIB_ACB_TIA_TIP_Renewal_DB_DF_Pay_BTP_Resume"/>
  <testcase name="testMethod_getResumePenaltyAdjustmentList" time="10.335" classname="com.telus.rcms.tests.getResumePenaltyAdjustmentList.TC05_Telus_DB_DF_BIB_Renewal_DB_Pay_TIP_Resume">
    <failure type="com.intuit.karate.exception.KarateException" message="notifySubscriptionRenewalTC05.feature:11 - path: $, actual: 401, expected: 200, reason: not equal (Integer)">
      <![CDATA[com.intuit.karate.exception.KarateException: notifySubscriptionRenewalTC05.feature:11 - path: $, actual: 401, expected: 200, reason: not equal (Integer)
at ✽.Then match tc05RenewalStatus == 200 (notifySubscriptionRenewalTC05.feature:11)
]]>
    </failure>
  </testcase> <!-- testMethod_getResumePenaltyAdjustmentList -->
  <testcase name="testMethod_getResumePenaltyAdjustmentList" time="13.017" classname="com.telus.rcms.tests.getResumePenaltyAdjustmentList.TC06_Koodo_TAB_HWS_Resume"/>
  <testcase name="testMethod_getResumePenaltyAdjustmentList" time="25.11" classname="com.telus.rcms.tests.getResumePenaltyAdjustmentList.TC07_Telus_TAB_M_Renewal_TAB_HWS_Pay_TRADE_IN_Resume"/>
  <testcase name="testMethod_getResumePenaltyAdjustmentList" time="20.255" classname="com.telus.rcms.tests.getResumePenaltyAdjustmentList.TC08_Telus_PRESOC_PRECREDIT_Resume"/>
  <testcase name="testMethod_getResumePenaltyAdjustmentList" time="19.068" classname="com.telus.rcms.tests.getResumePenaltyAdjustmentList.TC09_Telus_DB_RCB_Resume"/>
  <testcase name="testMethod_Return" time="21.12" classname="com.telus.rcms.tests.getReturnPenaltyAdjustmentList.TC01_Telus_AF_Renewal_AF"/>
  <testcase name="testMethod_Return" time="13.25" classname="com.telus.rcms.tests.getReturnPenaltyAdjustmentList.TC02_DB_AF_TIA_TIP_Renewal_DF_Pay_BILL"/>
  <testcase name="testMethod_Return" time="25.473" classname="com.telus.rcms.tests.getReturnPenaltyAdjustmentList.TC03_DB_DF_BIB_ACB_TIA_TIP_Renewal_DB_AF_Pay_BTP">
    <failure type="com.intuit.karate.exception.KarateException" message="activationTC2.feature:11 - path: $, actual: 401, expected: 200, reason: not equal (Integer)">
      <![CDATA[com.intuit.karate.exception.KarateException: activationTC2.feature:11 - path: $, actual: 401, expected: 200, reason: not equal (Integer)
at ✽.Then match tc01ActivateTelusSubWithDF_BIB_ACB_DB_TIA_TIPStatus == 200 (activationTC2.feature:11)
]]>
    </failure>
  </testcase> <!-- testMethod_Return -->
  <testcase name="testMethod_Return" time="28.039" classname="com.telus.rcms.tests.getReturnPenaltyAdjustmentList.TC04_DB_DF_BIB_Renewal_SIM_Only_AF">
    <failure type="com.intuit.karate.exception.KarateException" message="notifySubscriptionRenewalTC03.feature:11 - path: $, actual: 401, expected: 200, reason: not equal (Integer)">
      <![CDATA[com.intuit.karate.exception.KarateException: notifySubscriptionRenewalTC03.feature:11 - path: $, actual: 401, expected: 200, reason: not equal (Integer)
at ✽.Then match tc03RenewalStatus == 200 (notifySubscriptionRenewalTC03.feature:11)
]]>
    </failure>
  </testcase> <!-- testMethod_Return -->
  <testcase name="testMethod_Return" time="33.914" classname="com.telus.rcms.tests.getReturnPenaltyAdjustmentList.TC05_DB_DF_BIB_Renewal_DB_Pay_BTP"/>
  <testcase name="testMethod_Return" time="43.508" classname="com.telus.rcms.tests.getReturnPenaltyAdjustmentList.TC06_DB_DF_BIB_Renewal_DB_Pay_BTP"/>
  <testcase name="testMethod_Return" time="38.301" classname="com.telus.rcms.tests.getReturnPenaltyAdjustmentList.TC07_DB_DF_BIB_Renewal_DB_TIA_TIP_Pay_TRADE_IN_PENDING"/>
  <testcase name="testMethod_Return" time="30.381" classname="com.telus.rcms.tests.getReturnPenaltyAdjustmentList.TC08_DB_DF_BIB_ACB_Renewal_DB_BIB_RCB"/>
  <testcase name="testMethod_Return" time="38.934" classname="com.telus.rcms.tests.getReturnPenaltyAdjustmentList.TC09_DB_DF_BIB_Renewal_DF_BIB_Renewal_DB_DF"/>
  <testcase name="testMethod_Return" time="30.611" classname="com.telus.rcms.tests.getReturnPenaltyAdjustmentList.TC10_Koodo_TAB_HWS_Renewal_TAB_HWS"/>
  <testcase name="testMethod_Return" time="36.684" classname="com.telus.rcms.tests.getReturnPenaltyAdjustmentList.TC11_Koodo_TAB_HWS_Renewal_TAB_HWS_Pay_Charge_full_waive"/>
  <testcase name="testMethod_Return" time="28.657" classname="com.telus.rcms.tests.getReturnPenaltyAdjustmentList.TC12_Koodo_TAB_HWS_Renewal_TAB_HWS_Pay_Charge_partial_waive_TRADE_IN"/>
  <testcase name="testMethod_Return" time="24.398" classname="com.telus.rcms.tests.getReturnPenaltyAdjustmentList.TC13_Telus_TAB_M_offercode_7_TAB_HWS_pay_TRADE_IN"/>
  <testcase name="testMethod_getTerminationPenalty" time="21.693" classname="com.telus.rcms.tests.getTerminationPenalty.TC01_Telus_AF">
    <failure type="com.intuit.karate.exception.KarateException" message="activationTC5.feature:13 - path: $, actual: 401, expected: 200, reason: not equal (Integer)">
      <![CDATA[com.intuit.karate.exception.KarateException: activationTC5.feature:13 - path: $, actual: 401, expected: 200, reason: not equal (Integer)
at ✽.Then match tc05ActivateTelusSubwithAFStatus == 200 (activationTC5.feature:13)
]]>
    </failure>
  </testcase> <!-- testMethod_getTerminationPenalty -->
  <testcase name="testMethod_getTerminationPenalty" time="11.873" classname="com.telus.rcms.tests.getTerminationPenalty.TC02_Telus_TIA_TIP_AF"/>
  <testcase name="testMethod_getTerminationPenalty" time="11.558" classname="com.telus.rcms.tests.getTerminationPenalty.TC03_Telus_DB_DF_BIB_ACB_TIA_TIP_AF"/>
  <testcase name="testMethod_getTerminationPenalty" time="13.862" classname="com.telus.rcms.tests.getTerminationPenalty.TC04_Telus_DB_DF_BIB_ACB_TIA_TIP_Renewal_DB_AF_Pay_BTP"/>
  <testcase name="testMethod_getTerminationPenalty" time="8.919" classname="com.telus.rcms.tests.getTerminationPenalty.TC05_Telus_DB_DF_BIB_Renewal_DB_Pay_BTP">
    <failure type="com.intuit.karate.exception.KarateException" message="activationTC6.feature:12 - path: $, actual: 401, expected: 200, reason: not equal (Integer)">
      <![CDATA[com.intuit.karate.exception.KarateException: activationTC6.feature:12 - path: $, actual: 401, expected: 200, reason: not equal (Integer)
at ✽.Then match tc06ActivateTelusSubwithDF_DB_BIBStatus == 200 (activationTC6.feature:12)
]]>
    </failure>
  </testcase> <!-- testMethod_getTerminationPenalty -->
  <testcase name="testMethod_getTerminationPenalty" time="13.584" classname="com.telus.rcms.tests.getTerminationPenalty.TC06_Telus_DB_DF_BIB_Renewal_DB_Pay_TIP"/>
  <testcase name="testMethod_getTerminationPenalty" time="14.276" classname="com.telus.rcms.tests.getTerminationPenalty.TC07_Telus_DB_DF_BIB_ACB_TIA_TIP_Renewal_DB_AF_Pay_BTP"/>
  <testcase name="testMethod_getTerminationPenalty" time="13.825" classname="com.telus.rcms.tests.getTerminationPenalty.TC08_Telus_DF_AF_TIA_TIP_Exchange_DF"/>
  <testcase name="testMethod_getTerminationPenalty" time="15.678" classname="com.telus.rcms.tests.getTerminationPenalty.TC09_Telus_DF_Renewal_DB_AF_TIA_Exchange_DF_DB_TIP"/>
  <testcase name="testMethod_getTerminationPenalty" time="14.81" classname="com.telus.rcms.tests.getTerminationPenalty.TC10_Telus_DB_DF_BIB_Renewal_DB_Pay_BTP_Exchange_DB_BIB"/>
  <testcase name="testMethod_getTerminationPenalty" time="12.873" classname="com.telus.rcms.tests.getTerminationPenalty.TC11_Telus_DB_DF_BIB_ACB_Renewal_DB_BIB_RCB"/>
  <testcase name="testMethod_getTerminationPenalty" time="14.372" classname="com.telus.rcms.tests.getTerminationPenalty.TC12_Koodo_TAB_HWS_Renewal_TAB_HWS"/>
  <testcase name="testMethod_getTerminationPenalty" time="6.921" classname="com.telus.rcms.tests.getTerminationPenalty.TC13_Koodo_TAB_M_Renewal_TAB_HWS_Pay_TRADE_IN"/>
  <testcase name="testMethod_getTerminationPenalty" time="11.493" classname="com.telus.rcms.tests.getTerminationPenalty.TC14_Koodo_TAB_S"/>
  <testcase name="testMethod_getTerminationPenalty" time="13.521" classname="com.telus.rcms.tests.getTerminationPenalty.TC15_Telus_DB_DF_BIB_Renewal_TIA_TIP_Pay_BTP"/>
  <testcase name="testMethod_listEarnedTransaction" time="11.401" classname="com.telus.rcms.tests.ListEarnedTransactions.TC01_Telus_DB_DF_BIB_ACB_TIA_TIP_AF">
    <failure type="com.intuit.karate.exception.KarateException" message="ListEarnedTransactionTC01.feature:15 - path: $, actual: 503, expected: 200, reason: not equal (Integer)">
      <![CDATA[com.intuit.karate.exception.KarateException: ListEarnedTransactionTC01.feature:15 - path: $, actual: 503, expected: 200, reason: not equal (Integer)
at ✽.Then match apiStatus == 200 (ListEarnedTransactionTC01.feature:15)
]]>
    </failure>
  </testcase> <!-- testMethod_listEarnedTransaction -->
  <testcase name="testMethod_listEarnedTransaction" time="14.488" classname="com.telus.rcms.tests.ListEarnedTransactions.TC02_Telus_AF_Cancelled"/>
  <testcase name="testMethod_listEarnedTransaction" time="12.453" classname="com.telus.rcms.tests.ListEarnedTransactions.TC03_Telus_DF_AF_TIA_TIP_Renewal_DF_Pay_BILL">
    <failure type="com.intuit.karate.exception.KarateException" message="notifySubscriptionRenewalTC01.feature:11 - path: $, actual: 401, expected: 200, reason: not equal (Integer)">
      <![CDATA[com.intuit.karate.exception.KarateException: notifySubscriptionRenewalTC01.feature:11 - path: $, actual: 401, expected: 200, reason: not equal (Integer)
at ✽.Then match tc01RenewalStatus == 200 (notifySubscriptionRenewalTC01.feature:11)
]]>
    </failure>
  </testcase> <!-- testMethod_listEarnedTransaction -->
  <testcase name="testMethod_listEarnedTransaction" time="14.776" classname="com.telus.rcms.tests.ListEarnedTransactions.TC04_Telus_DF_AF_TIA_TIP_Renewal_DF_Pay_BILL"/>
  <testcase name="testMethod_listEarnedTransaction" time="17.852" classname="com.telus.rcms.tests.ListEarnedTransactions.TC05_Telus_DF_Renewal_DB_AF_TIA_Exchange_DF_DB_TIP"/>
  <testcase name="testMethod_listEarnedTransaction" time="17.708" classname="com.telus.rcms.tests.ListEarnedTransactions.TC06_Telus_DB_DF_BIB_Renewal_DB_Pay_BTP_Charge_Complete"/>
  <testcase name="testMethod_listEarnedTransaction" time="13.903" classname="com.telus.rcms.tests.ListEarnedTransactions.TC07_Telus_DB_DF_BIB_Renewal_DB_Pay_BTP_Charge_Return"/>
  <testcase name="testMethod_listEarnedTransaction" time="11.253" classname="com.telus.rcms.tests.ListEarnedTransactions.TC08_Koodo_with_TAB_HWS"/>
  <testcase name="testMethod_listEarnedTransaction" time="12.767" classname="com.telus.rcms.tests.ListEarnedTransactions.TC09_Koodo_TAB_HWS_Cancel"/>
  <testcase name="testMethod_listEarnedTransaction" time="13.366" classname="com.telus.rcms.tests.ListEarnedTransactions.TC10_Koodo_TAB_HWS_Partial_charges"/>
  <testcase name="testMethod_listEarnedTransaction" time="15.667" classname="com.telus.rcms.tests.ListEarnedTransactions.TC11_Telus_DF_AF_TIA_TIP_DF_Pay_BILL"/>
  <testcase name="testMethod_listEarnedTransaction" time="18.076" classname="com.telus.rcms.tests.ListEarnedTransactions.TC12_Telus_DB_DF_BIB_ACB_Renewal_DB_BIB_RCB"/>
  <testcase name="testMethod_LogEvent" time="15.94" classname="com.telus.rcms.tests.logEvent.TC01_Telus_DB_DF_BIB_Renewal_DB_Pay_BIB_TELUS_PENDING_LOG_Event_RETURN_COMPLETE"/>
  <testcase name="testMethod_Termination" time="11.545" classname="com.telus.rcms.tests.logEvent.TC02_Telus_DB_DF_BIB_Renewal_DB_Pay_BIB_TRADE_PENDING_LOG_Event_RETURN_COMPLETE">
    <failure type="com.intuit.karate.exception.KarateException" message="notifySubscriptionRenewalTC05.feature:11 - path: $, actual: 401, expected: 200, reason: not equal (Integer)">
      <![CDATA[com.intuit.karate.exception.KarateException: notifySubscriptionRenewalTC05.feature:11 - path: $, actual: 401, expected: 200, reason: not equal (Integer)
at ✽.Then match tc05RenewalStatus == 200 (notifySubscriptionRenewalTC05.feature:11)
]]>
    </failure>
  </testcase> <!-- testMethod_Termination -->
  <testcase name="testMethod_LogEvent" time="10.663" classname="com.telus.rcms.tests.logEvent.TC03_Telus_DB_DF_BIB_Renewal_DB_Pay_BIB_TELUS_PENDING_LOG_Event_CHARGE_COMPLETE">
    <failure type="com.intuit.karate.exception.KarateException" message="activationTC6.feature:12 - path: $, actual: 401, expected: 200, reason: not equal (Integer)">
      <![CDATA[com.intuit.karate.exception.KarateException: activationTC6.feature:12 - path: $, actual: 401, expected: 200, reason: not equal (Integer)
at ✽.Then match tc06ActivateTelusSubwithDF_DB_BIBStatus == 200 (activationTC6.feature:12)
]]>
    </failure>
  </testcase> <!-- testMethod_LogEvent -->
  <testcase name="testMethod_Termination" time="15.226" classname="com.telus.rcms.tests.logEvent.TC04_Telus_DB_DF_BIB_Renewal_DB_Pay_BIB_TRADE_PENDING_LOG_Event_CHARGE_COMPLETE"/>
  <testcase name="testMethod_LogEvent" time="15.008" classname="com.telus.rcms.tests.logEvent.TC05_Telus_DB_DF_BIB_Renewal_DB_Pay_BIB_TELUS_PENDING_LOG_Event_UPDATE_DUEDATE"/>
  <testcase name="testMethod_Termination" time="16.679" classname="com.telus.rcms.tests.logEvent.TC06_Telus_DB_DF_BIB_Renewal_DB_Pay_BIB_TRADE_PENDING_LOG_Event_UPDATE_DUEDATE"/>
  <testcase name="testMethod_LogEvent" time="10.456" classname="com.telus.rcms.tests.logEvent.TC07_Telus_DB_DF_BIB_Renewal_DB_Pay_BIB_TELUS_PENDING_LOG_Event">
    <failure type="com.intuit.karate.exception.KarateException" message="activationTC6.feature:12 - path: $, actual: 401, expected: 200, reason: not equal (Integer)">
      <![CDATA[com.intuit.karate.exception.KarateException: activationTC6.feature:12 - path: $, actual: 401, expected: 200, reason: not equal (Integer)
at ✽.Then match tc06ActivateTelusSubwithDF_DB_BIBStatus == 200 (activationTC6.feature:12)
]]>
    </failure>
  </testcase> <!-- testMethod_LogEvent -->
  <testcase name="testMethod_LogEvent" time="9.841" classname="com.telus.rcms.tests.logEvent.TC08_Telus_DB_DF_BIB_Renewal_DB_Pay_BIB_TELUS_PENDING_LOG_Event_UPDATE_DUEDATE_Twice">
    <failure type="java.lang.NullPointerException">
      <![CDATA[java.lang.NullPointerException
at java.util.Hashtable.put(Unknown Source)
at java.util.Properties.setProperty(Unknown Source)
at java.lang.System.setProperty(Unknown Source)
at com.telus.rcms.tests.logEvent.TC08_Telus_DB_DF_BIB_Renewal_DB_Pay_BIB_TELUS_PENDING_LOG_Event_UPDATE_DUEDATE_Twice.testMethod_LogEvent(TC08_Telus_DB_DF_BIB_Renewal_DB_Pay_BIB_TELUS_PENDING_LOG_Event_UPDATE_DUEDATE_Twice.java:115)
at java.util.concurrent.ThreadPoolExecutor.runWorker(Unknown Source)
at java.util.concurrent.ThreadPoolExecutor$Worker.run(Unknown Source)
at java.lang.Thread.run(Unknown Source)
... Removed 12 stack frames]]>
    </failure>
  </testcase> <!-- testMethod_LogEvent -->
  <testcase name="testMethod_Migration" time="11.609" classname="com.telus.rcms.tests.Migration.TC01_PRESOC_Prepaid_DB_DF_Postpaid"/>
  <testcase name="testMethod_Migration" time="14.8" classname="com.telus.rcms.tests.Migration.TC02_DB_DF_BIB_ACB_RCB_Postpaid_PRECREDIT_Prepaid"/>
  <testcase name="testMethod_Migration" time="12.382" classname="com.telus.rcms.tests.Migration.TC03_DB_DF_BIB_ACB_TIA_TIP_Postpaid_PRESOC_Prepaid"/>
  <testcase name="testMethod_Migration" time="13.868" classname="com.telus.rcms.tests.Migration.TC04_DB_DF_BIB_Postpaid_Renewal_DF_Pay_BTP_Prepaid"/>
  <testcase name="testMethod_Migration" time="15.655" classname="com.telus.rcms.tests.Migration.TC05_DB_DF_BIB_Postpaid_Renewal_DF_Pay_TRADE_IN_PENDING_Prepaid"/>
  <testcase name="testMethod_Migration" time="10.78" classname="com.telus.rcms.tests.Migration.TC06_Telus_DB_DF_BIB_ACB_TIA_TIP_AF"/>
  <testcase name="testMethod_Activation" time="11.563" classname="com.telus.rcms.tests.newAdjustRewardBalance.Scenario1.TC01_Telus_DF_AF_adjustBalance_CANCELLATION_PAYMENT">
    <failure type="com.intuit.karate.exception.KarateException" message="AdjustBalanceTC1.feature:14 - path: $, actual: 503, expected: 200, reason: not equal (Integer)">
      <![CDATA[com.intuit.karate.exception.KarateException: AdjustBalanceTC1.feature:14 - path: $, actual: 503, expected: 200, reason: not equal (Integer)
at ✽.Then match apiDetailsStatus == 200 (AdjustBalanceTC1.feature:14)
]]>
    </failure>
  </testcase> <!-- testMethod_Activation -->
  <testcase name="testMethod_Activation" time="10.925" classname="com.telus.rcms.tests.newAdjustRewardBalance.Scenario1.TC02_Telus_DF_AF_ReturnAgreementItem">
    <failure type="com.intuit.karate.exception.KarateException" message="AdjustBalanceTC1.feature:14 - path: $, actual: 503, expected: 200, reason: not equal (Integer)">
      <![CDATA[com.intuit.karate.exception.KarateException: AdjustBalanceTC1.feature:14 - path: $, actual: 503, expected: 200, reason: not equal (Integer)
at ✽.Then match apiDetailsStatus == 200 (AdjustBalanceTC1.feature:14)
]]>
    </failure>
  </testcase> <!-- testMethod_Activation -->
  <testcase name="testMethod_Activation" time="16.521" classname="com.telus.rcms.tests.newAdjustRewardBalance.Scenario1.TC03_Telus_DF_AF_NotifySubscriptionReturn"/>
  <testcase name="testMethod_Activation" time="13.662" classname="com.telus.rcms.tests.newAdjustRewardBalance.Scenario1.TC04_Telus_DF_AF_ExchangeAgreementItem">
    <failure type="com.intuit.karate.exception.KarateException" message="NotifySubscriptionReturnTC3.feature:13 - path: $, actual: 401, expected: 200, reason: not equal (Integer)">
      <![CDATA[com.intuit.karate.exception.KarateException: NotifySubscriptionReturnTC3.feature:13 - path: $, actual: 401, expected: 200, reason: not equal (Integer)
at ✽.Then match apiDetailsStatus == 200 (NotifySubscriptionReturnTC3.feature:13)
]]>
    </failure>
  </testcase> <!-- testMethod_Activation -->
  <testcase name="testMethod_Activation" time="10.513" classname="com.telus.rcms.tests.newAdjustRewardBalance.Scenario1.TC05_Telus_DF_AF_adjustBalance_RESTORE_RETURN">
    <failure type="com.intuit.karate.exception.KarateException" message="AdjustBalanceTC1.feature:14 - path: $, actual: 503, expected: 200, reason: not equal (Integer)">
      <![CDATA[com.intuit.karate.exception.KarateException: AdjustBalanceTC1.feature:14 - path: $, actual: 503, expected: 200, reason: not equal (Integer)
at ✽.Then match apiDetailsStatus == 200 (AdjustBalanceTC1.feature:14)
]]>
    </failure>
  </testcase> <!-- testMethod_Activation -->
  <testcase name="testMethod_Activation" time="11.054" classname="com.telus.rcms.tests.newAdjustRewardBalance.Scenario1.TC06_Telus_DF_AF_ExchangeAgreementItem">
    <failure type="com.intuit.karate.exception.KarateException" message="AdjustBalanceTC1.feature:14 - path: $, actual: 503, expected: 200, reason: not equal (Integer)">
      <![CDATA[com.intuit.karate.exception.KarateException: AdjustBalanceTC1.feature:14 - path: $, actual: 503, expected: 200, reason: not equal (Integer)
at ✽.Then match apiDetailsStatus == 200 (AdjustBalanceTC1.feature:14)
]]>
    </failure>
  </testcase> <!-- testMethod_Activation -->
  <testcase name="testMethod_Activation" time="24.663" classname="com.telus.rcms.tests.newAdjustRewardBalance.Scenario1.TC07_Telus_DF_AF_adjustBalance_ReturnAgreement">
    <failure type="com.intuit.karate.exception.KarateException" message="AdjustBalanceRestoreReturnTC5.feature:13 - path: $, actual: 500, expected: 200, reason: not equal (Integer)">
      <![CDATA[com.intuit.karate.exception.KarateException: AdjustBalanceRestoreReturnTC5.feature:13 - path: $, actual: 500, expected: 200, reason: not equal (Integer)
at ✽.Then match apiDetailsStatus == 200 (AdjustBalanceRestoreReturnTC5.feature:13)
]]>
    </failure>
  </testcase> <!-- testMethod_Activation -->
  <testcase name="testMethod_Activation" time="18.173" classname="com.telus.rcms.tests.newAdjustRewardBalance.Scenario2.TC011_Telus_DF_AF_adjustBalance_CANCELLATION_PAYMENT"/>
  <testcase name="testMethod_Activation" time="8.711" classname="com.telus.rcms.tests.newAdjustRewardBalance.Scenario2.TC012_Telus_DF_AF_NotifySubscriptionReturn">
    <failure type="com.intuit.karate.exception.KarateException" message="activationTC1.feature:12 - path: $, actual: 401, expected: 200, reason: not equal (Integer)">
      <![CDATA[com.intuit.karate.exception.KarateException: activationTC1.feature:12 - path: $, actual: 401, expected: 200, reason: not equal (Integer)
at ✽.Then match tc01ActivateTelusSubWithAllStatus == 200 (activationTC1.feature:12)
]]>
    </failure>
  </testcase> <!-- testMethod_Activation -->
  <testcase name="testMethod_Activation" time="11.795" classname="com.telus.rcms.tests.newAdjustRewardBalance.Scenario2.TC08_Telus_DF_AF_NotifyCancellation"/>
  <testcase name="testMethod_Activation" time="12.206" classname="com.telus.rcms.tests.newAdjustRewardBalance.Scenario2.TC09_Telus_DF_AF_StatusChange"/>
  <testcase name="testMethod_Activation" time="11.012" classname="com.telus.rcms.tests.newAdjustRewardBalance.Scenario2.TC10_Telus_DF_AF_AddAgreementItem">
    <failure type="com.intuit.karate.exception.KarateException" message="NotifyCancellationTC8.feature:13 - path: $, actual: 401, expected: 200, reason: not equal (Integer)">
      <![CDATA[com.intuit.karate.exception.KarateException: NotifyCancellationTC8.feature:13 - path: $, actual: 401, expected: 200, reason: not equal (Integer)
at ✽.Then match apiDetailsStatus == 200 (NotifyCancellationTC8.feature:13)
]]>
    </failure>
  </testcase> <!-- testMethod_Activation -->
  <testcase name="testMethod_Activation" time="26.286" classname="com.telus.rcms.tests.newAdjustRewardBalance.Scenario2.TC13_Telus_DF_AF_ExchangeAgreementItem"/>
  <testcase name="testMethod_Activation" time="21.772" classname="com.telus.rcms.tests.newAdjustRewardBalance.Scenario2.TC14_Telus_DF_AF_adjustBalance_RESTORE_RETURN">
    <failure type="com.intuit.karate.exception.KarateException" message="AdjustBalanceRestoreReturnTC5.feature:13 - path: $, actual: 500, expected: 200, reason: not equal (Integer)">
      <![CDATA[com.intuit.karate.exception.KarateException: AdjustBalanceRestoreReturnTC5.feature:13 - path: $, actual: 500, expected: 200, reason: not equal (Integer)
at ✽.Then match apiDetailsStatus == 200 (AdjustBalanceRestoreReturnTC5.feature:13)
]]>
    </failure>
  </testcase> <!-- testMethod_Activation -->
  <testcase name="testMethod_Activation" time="24.109" classname="com.telus.rcms.tests.newAdjustRewardBalance.Scenario2.TC15_Telus_DF_AF_ExchangeAgreementItem"/>
  <testcase name="testMethod_Activation" time="29.041" classname="com.telus.rcms.tests.newAdjustRewardBalance.Scenario2.TC16_Telus_DF_AF_AdjustBalance_RESTORE_RETURN">
    <failure type="com.intuit.karate.exception.KarateException" message="AdjustBalanceRestoreReturnTC5.feature:13 - path: $, actual: 500, expected: 200, reason: not equal (Integer)">
      <![CDATA[com.intuit.karate.exception.KarateException: AdjustBalanceRestoreReturnTC5.feature:13 - path: $, actual: 500, expected: 200, reason: not equal (Integer)
at ✽.Then match apiDetailsStatus == 200 (AdjustBalanceRestoreReturnTC5.feature:13)
]]>
    </failure>
  </testcase> <!-- testMethod_Activation -->
  <testcase name="testMethod_Activation" time="14.505" classname="com.telus.rcms.tests.newAdjustRewardBalance.Scenario3.TC17_Telus_DF_AF_adjustBalance_LUMPSUM_PAYMENT_Return"/>
  <testcase name="testMethod_Activation" time="14.392" classname="com.telus.rcms.tests.newAdjustRewardBalance.Scenario3.TC18_Telus_DF_AF_NotifySubscriptionReturn">
    <failure type="com.intuit.karate.exception.KarateException" message="ReturnAgreementItemTC17.feature:13 - path: $, actual: 401, expected: 500, reason: not equal (Integer)">
      <![CDATA[com.intuit.karate.exception.KarateException: ReturnAgreementItemTC17.feature:13 - path: $, actual: 401, expected: 500, reason: not equal (Integer)
at ✽.Then match apiDetailsStatus == 500 (ReturnAgreementItemTC17.feature:13)
]]>
    </failure>
  </testcase> <!-- testMethod_Activation -->
  <testcase name="testMethod_Activation" time="14.484" classname="com.telus.rcms.tests.newAdjustRewardBalance.Scenario3.TC19_Telus_DF_AF_ExchangeAgreementItem">
    <failure type="com.intuit.karate.exception.KarateException" message="NotifySubscriptionReturnTC18.feature:13 - path: $, actual: 401, expected: 200, reason: not equal (Integer)">
      <![CDATA[com.intuit.karate.exception.KarateException: NotifySubscriptionReturnTC18.feature:13 - path: $, actual: 401, expected: 200, reason: not equal (Integer)
at ✽.Then match apiDetailsStatus == 200 (NotifySubscriptionReturnTC18.feature:13)
]]>
    </failure>
  </testcase> <!-- testMethod_Activation -->
  <testcase name="testMethod_Activation" time="12.853" classname="com.telus.rcms.tests.newAdjustRewardBalance.Scenario3.TC20_Telus_DF_AF_adjustBalance_RESTORE_RETURN">
    <failure type="com.intuit.karate.exception.KarateException" message="ReturnAgreementItemTC17.feature:13 - path: $, actual: 401, expected: 500, reason: not equal (Integer)">
      <![CDATA[com.intuit.karate.exception.KarateException: ReturnAgreementItemTC17.feature:13 - path: $, actual: 401, expected: 500, reason: not equal (Integer)
at ✽.Then match apiDetailsStatus == 500 (ReturnAgreementItemTC17.feature:13)
]]>
    </failure>
  </testcase> <!-- testMethod_Activation -->
  <testcase name="testMethod_Exchange" time="9.88" classname="com.telus.rcms.tests.OfferExchange.TC01_Telus_DB_TIA_AF_Exchange_DB_DF"/>
  <testcase name="testMethod_Exchange" time="9.239" classname="com.telus.rcms.tests.OfferExchange.TC02_Telus_DF_DB_Exchange_DF_TIA_AF">
    <failure type="com.intuit.karate.exception.KarateException" message="exchangeTC2.feature:11 - path: $, actual: 401, expected: 200, reason: not equal (Integer)">
      <![CDATA[com.intuit.karate.exception.KarateException: exchangeTC2.feature:11 - path: $, actual: 401, expected: 200, reason: not equal (Integer)
at ✽.Then match apiStatus == 200 (exchangeTC2.feature:11)
]]>
    </failure>
  </testcase> <!-- testMethod_Exchange -->
  <testcase name="testMethod_Exchange" time="9.97" classname="com.telus.rcms.tests.OfferExchange.TC03_Telus_DB_ACB_TIA_TIP_AF_DF_Exchange_DF_ACB_TIA_TIP_DB_AF"/>
  <testcase name="testMethod_Exchange" time="10.932" classname="com.telus.rcms.tests.OfferExchange.TC04_Telus_DF_Renewal_DB_TIA_AF_Exchange_DF_DB_TIA_TIP"/>
  <testcase name="testMethod_Exchange" time="11.841" classname="com.telus.rcms.tests.OfferExchange.TC05_Telus_DF_AF_TIP_TIA_Renewal_DB_AF_TIA_TIP_Exchange_DF_TIA_TIP"/>
  <testcase name="testMethod_Exchange" time="7.476" classname="com.telus.rcms.tests.OfferExchange.TC06_Telus_DF_DB_BIB_Renewal_DB_AF_Pay_BIB_Exchange_AF_DF_DB_BIB">
    <failure type="com.intuit.karate.exception.KarateException" message="activationTC6.feature:12 - path: $, actual: 401, expected: 200, reason: not equal (Integer)">
      <![CDATA[com.intuit.karate.exception.KarateException: activationTC6.feature:12 - path: $, actual: 401, expected: 200, reason: not equal (Integer)
at ✽.Then match tc06ActivateTelusSubwithDF_DB_BIBStatus == 200 (activationTC6.feature:12)
]]>
    </failure>
  </testcase> <!-- testMethod_Exchange -->
  <testcase name="testMethod_Exchange" time="12.405" classname="com.telus.rcms.tests.OfferExchange.TC07_Telus_DF_DB_BIB_Renewal_DB_RCB_TIA_Pay_TI_Exchange_DF_AF_TIA"/>
  <testcase name="testMethod_Exchange" time="12.887" classname="com.telus.rcms.tests.OfferExchange.TC08_Telus_DF_DB_BIB_Renewal_BIB_DB_Exchange_DF_DB"/>
  <testcase name="testMethod_Exchange" time="7.57" classname="com.telus.rcms.tests.OfferExchange.TC09_Telus_TAB_Renewal_HWS_Exchange_TAB_HWS">
    <failure type="com.intuit.karate.exception.KarateException" message="activationTC24.feature:12 - path: $, actual: 401, expected: 200, reason: not equal (Integer)">
      <![CDATA[com.intuit.karate.exception.KarateException: activationTC24.feature:12 - path: $, actual: 401, expected: 200, reason: not equal (Integer)
at ✽.Then match apiStatus == 200 (activationTC24.feature:12)
]]>
    </failure>
  </testcase> <!-- testMethod_Exchange -->
  <testcase name="testMethod_Renewal" time="15.017" classname="com.telus.rcms.tests.Renewal.TC01_Telus_DF_AF_TIA_TIP_Renewal_DF_Pay_BILL"/>
  <testcase name="testMethod_Renewal" time="12.825" classname="com.telus.rcms.tests.Renewal.TC02_Telus_DB_DF_BIB_ACB_TIA_TIP_Renewal_DB_AF_Pay_BIB_TELUS_PENDING">
    <failure type="com.intuit.karate.exception.KarateException" message="notifySubscriptionRenewalTC02.feature:11 - path: $, actual: 401, expected: 200, reason: not equal (Integer)">
      <![CDATA[com.intuit.karate.exception.KarateException: notifySubscriptionRenewalTC02.feature:11 - path: $, actual: 401, expected: 200, reason: not equal (Integer)
at ✽.Then match tc02RenewalStatus == 200 (notifySubscriptionRenewalTC02.feature:11)
]]>
    </failure>
  </testcase> <!-- testMethod_Renewal -->
  <testcase name="testMethod_Renewal" time="16.544" classname="com.telus.rcms.tests.Renewal.TC03_Telus_DB_DF_BIB_Renewal_SIM_only_AF"/>
  <testcase name="testMethod_Renewal" time="16.541" classname="com.telus.rcms.tests.Renewal.TC04_Telus_DB_DF_BIB_Renewal_DB_Pay_BIB_TELUS_PENDING"/>
  <testcase name="testMethod_Renewal" time="17.165" classname="com.telus.rcms.tests.Renewal.TC05_Telus_DB_DF_BIB_Renewal_DB_Pay_TRADE_IN_PENDING"/>
  <testcase name="testMethod_Renewal" time="10.582" classname="com.telus.rcms.tests.Renewal.TC06_Telus_DB_DF_BIB_Renewal_DB_TIA_TIP_Pay_TRADE_IN_PENDING">
    <failure type="com.intuit.karate.exception.KarateException" message="activationTC6.feature:12 - path: $, actual: 401, expected: 200, reason: not equal (Integer)">
      <![CDATA[com.intuit.karate.exception.KarateException: activationTC6.feature:12 - path: $, actual: 401, expected: 200, reason: not equal (Integer)
at ✽.Then match tc06ActivateTelusSubwithDF_DB_BIBStatus == 200 (activationTC6.feature:12)
]]>
    </failure>
  </testcase> <!-- testMethod_Renewal -->
  <testcase name="testMethod_Renewal" time="18.941" classname="com.telus.rcms.tests.Renewal.TC07_Telus_DB_DF_BIB_ACB_Renewal_DB_BIB_RCB"/>
  <testcase name="testMethod_Renewal" time="18.687" classname="com.telus.rcms.tests.Renewal.TC08_Telus_DB_DF_BIB_Renewal_DF_BIB_Renewal_DB_DF"/>
  <testcase name="testMethod_Renewal" time="17.264" classname="com.telus.rcms.tests.Renewal.TC09_Telus_TAB_HWS_to_TAB_HWS"/>
  <testcase name="testMethod_Renewal" time="14.08" classname="com.telus.rcms.tests.Renewal.TC10_Telus_TAB_HWS_to_SIM_only">
    <failure type="com.intuit.karate.exception.KarateException" message="notifySubscriptionRenewalTC10.feature:11 - path: $, actual: 401, expected: 200, reason: not equal (Integer)">
      <![CDATA[com.intuit.karate.exception.KarateException: notifySubscriptionRenewalTC10.feature:11 - path: $, actual: 401, expected: 200, reason: not equal (Integer)
at ✽.Then match tc10RenewalStatus == 200 (notifySubscriptionRenewalTC10.feature:11)
]]>
    </failure>
  </testcase> <!-- testMethod_Renewal -->
  <testcase name="testMethod_Renewal" time="17.822" classname="com.telus.rcms.tests.Renewal.TC11_Telus_TAB_HWS_to_TAB_HWS_Pay_charge_full_waive"/>
  <testcase name="testMethod_Renewal" time="16.611" classname="com.telus.rcms.tests.Renewal.TC12_Telus_TAB_HWS_to_TAB_HWS_Pay_charge_half_waive_TRADE_IN"/>
  <testcase name="testMethod_Renewal" time="16.18" classname="com.telus.rcms.tests.Renewal.TC13_Telus_TAB_M_offercode_7_TAB_HWS_pay_TRADE_IN"/>
  <testcase name="testMethod_Renewal" time="16.195" classname="com.telus.rcms.tests.Renewal.TC14_Telus_TAB_L_offercode_6_to_SIM_Only"/>
  <testcase name="testMethod_Renewal" time="15.227" classname="com.telus.rcms.tests.Renewal.TC15_Telus_DB_DF_BIB_Renewal_DB_with_Pay_TRADE_IN"/>
  <testcase name="testMethod_Return" time="9.82" classname="com.telus.rcms.tests.Return.TC01_Telus_AF_Return">
    <failure type="com.intuit.karate.exception.KarateException" message="activationTC5.feature:13 - path: $, actual: 401, expected: 200, reason: not equal (Integer)">
      <![CDATA[com.intuit.karate.exception.KarateException: activationTC5.feature:13 - path: $, actual: 401, expected: 200, reason: not equal (Integer)
at ✽.Then match tc05ActivateTelusSubwithAFStatus == 200 (activationTC5.feature:13)
]]>
    </failure>
  </testcase> <!-- testMethod_Return -->
  <testcase name="testMethod_Return" time="11.832" classname="com.telus.rcms.tests.Return.TC02_Telus_TIA_TIP_AF_Return"/>
  <testcase name="testMethod_Return" time="13.466" classname="com.telus.rcms.tests.Return.TC03_Telus_DF_AF_TIA_TIP_Renewal_DF_Pay_BILL_Return"/>
  <testcase name="testMethod_Return" time="14.073" classname="com.telus.rcms.tests.Return.TC04_Telus_DB_DF_BIB_ACB_TIA_TIP_Renewal_DB_AF_Pay_BTP_Return"/>
  <testcase name="testMethod_Return" time="14.282" classname="com.telus.rcms.tests.Return.TC05_Telus_DB_DF_BIB_Renewal_SIM_only_AF_Return"/>
  <testcase name="testMethod_Return" time="13.647" classname="com.telus.rcms.tests.Return.TC06_Telus_DB_DF_BIB_Renewal_DB_Pay_BTP_Return"/>
  <testcase name="testMethod_Return" time="14.209" classname="com.telus.rcms.tests.Return.TC07_Telus_DB_DF_BIB_Renewal_DB_Pay_TIP_Return"/>
  <testcase name="testMethod_Return" time="14.755" classname="com.telus.rcms.tests.Return.TC08_Telus_DB_DF_BIB_Renewal_DB_TIA_TIP_Pay_TIP_Return"/>
  <testcase name="testMethod_Return" time="15.278" classname="com.telus.rcms.tests.Return.TC09_Telus_DB_DF_BIB_ACB_Renewal_DB_BIB_RCB_Return"/>
  <testcase name="testMethod_Return" time="17.504" classname="com.telus.rcms.tests.Return.TC10_Telus_DB_DF_BIB_Renewal_DF_BIB_Renewal_DB_DF_Return"/>
  <testcase name="testMethod_Return" time="10.867" classname="com.telus.rcms.tests.Return.TC11_Telus_TAB_HWS_Renewal_TAB_HWS_Return">
    <failure type="com.intuit.karate.exception.KarateException" message="activationTC2.feature:13 - path: $, actual: 401, expected: 200, reason: not equal (Integer)">
      <![CDATA[com.intuit.karate.exception.KarateException: activationTC2.feature:13 - path: $, actual: 401, expected: 200, reason: not equal (Integer)
at ✽.Then match tc02ActivateKoodoTAB_HWSStatus == 200 (activationTC2.feature:13)
]]>
    </failure>
  </testcase> <!-- testMethod_Return -->
  <testcase name="testMethod_activation" time="11.758" classname="com.telus.rcms.tests.Return.TC12_Telus_TAB_HWS_to_TAB_HWS_Pay_charge_full_waive_Return"/>
  <testcase name="testMethod_activation" time="12.799" classname="com.telus.rcms.tests.Return.TC13_Telus_TAB_HWS_to_TAB_HWS_Pay_charge_half_waive_TIP_Return"/>
  <testcase name="testMethod_Return" time="10.842" classname="com.telus.rcms.tests.Return.TC14_Telus_TAB_M_offercode_7_TAB_HWS_Pay_TIP_Return"/>
  <testcase name="testMethod_Return" time="15.273" classname="com.telus.rcms.tests.Return.TC15_Telus_TAB_L_offercode_6_to_SIM_Only_Return"/>
  <testcase name="testMethod_Return" time="14.097" classname="com.telus.rcms.tests.Return.TC16_Telus_DB_DF_BIB_Renewal_DB_with_Pay_TIP_Return">
    <failure type="com.intuit.karate.exception.KarateException" message="returnTC2.feature:11 - path: $, actual: 401, expected: 200, reason: not equal (Integer)">
      <![CDATA[com.intuit.karate.exception.KarateException: returnTC2.feature:11 - path: $, actual: 401, expected: 200, reason: not equal (Integer)
at ✽.Then match apiStatus == 200 (returnTC2.feature:11)
]]>
    </failure>
  </testcase> <!-- testMethod_Return -->
  <testcase name="testMethod_Return" time="11.038" classname="com.telus.rcms.tests.Return.TC17_Telus_DB_DF_BIB_Return">
    <failure type="com.intuit.karate.exception.KarateException" message="returnTC2.feature:11 - path: $, actual: 401, expected: 200, reason: not equal (Integer)">
      <![CDATA[com.intuit.karate.exception.KarateException: returnTC2.feature:11 - path: $, actual: 401, expected: 200, reason: not equal (Integer)
at ✽.Then match apiStatus == 200 (returnTC2.feature:11)
]]>
    </failure>
  </testcase> <!-- testMethod_Return -->
  <testcase name="testMethod_Exchange" time="9.886" classname="com.telus.rcms.tests.ReturnAgreementItem.TC01_Telus_AF_ReturnAgrmt"/>
  <testcase name="testMethod_Exchange" time="10.025" classname="com.telus.rcms.tests.ReturnAgreementItem.TC02_Telus_TIA_TIP_AF_ReturnAgrmt"/>
  <testcase name="testMethod_Exchange" time="9.712" classname="com.telus.rcms.tests.ReturnAgreementItem.TC03_Telus_DF_AF_TIA_TIP_Renewal_DF_Pay_Bill_ReturnAgrmt">
    <failure type="com.intuit.karate.exception.KarateException" message="notifySubscriptionRenewalTC01.feature:11 - path: $, actual: 401, expected: 200, reason: not equal (Integer)">
      <![CDATA[com.intuit.karate.exception.KarateException: notifySubscriptionRenewalTC01.feature:11 - path: $, actual: 401, expected: 200, reason: not equal (Integer)
at ✽.Then match tc01RenewalStatus == 200 (notifySubscriptionRenewalTC01.feature:11)
]]>
    </failure>
  </testcase> <!-- testMethod_Exchange -->
  <testcase name="testMethod_Exchange" time="11.437" classname="com.telus.rcms.tests.ReturnAgreementItem.TC04_Telus_DB_DF_BIB_TIA_TIP_Renewal_DB_AF_Pay_BTP_ReturnAgrmt"/>
  <testcase name="testMethod_Exchange" time="11.836" classname="com.telus.rcms.tests.ReturnAgreementItem.TC05_Telus_DB_AF_BIB_Renewal_SIM_Only_AF_ReturnAgrmt"/>
  <testcase name="testMethod_Exchange" time="9.809" classname="com.telus.rcms.tests.ReturnAgreementItem.TC06_Telus_DB_DF_ReturnAgrmt"/>
  <testcase name="testMethod_ServiceChange" time="11.099" classname="com.telus.rcms.tests.ServiceChange.TC01_Telus_with_AF"/>
  <testcase name="testMethod_ServiceChange" time="12.609" classname="com.telus.rcms.tests.ServiceChange.TC02_Telus_with_TIA_TIP_AF"/>
  <testcase name="testMethod_ServiceChange" time="12.328" classname="com.telus.rcms.tests.ServiceChange.TC03_Telus_with_DB_DF_BIB_ACB_TIA_TIP_AF"/>
  <testcase name="testMethod_ServiceChange" time="11.068" classname="com.telus.rcms.tests.ServiceChange.TC04_Telus_with_DB_DF_RCB_AF"/>
  <testcase name="testMethod_ServiceChange" time="12.578" classname="com.telus.rcms.tests.ServiceChange.TC05_Telus_with_no_reward_account_SIM_ONLY_AF"/>
  <testcase name="testMethod_ServiceChange" time="15.694" classname="com.telus.rcms.tests.ServiceChange.TC06_Koodo_with_TAB_HWS"/>
  <testcase name="testMethod_ServiceChange" time="9.986" classname="com.telus.rcms.tests.ServiceChange.TC07_Koodo_with_SIM_ONLY"/>
  <testcase name="testMethod_StatusChange" time="14.364" classname="com.telus.rcms.tests.StatusChange.TC01_Telus_AF_Renewal_AF"/>
  <testcase name="testMethod_StatusChange" time="12.912" classname="com.telus.rcms.tests.StatusChange.TC02_DB_AF_TIA_TIP_Renewal_DF_Pay_BILL"/>
  <testcase name="testMethod_StatusChange" time="13.511" classname="com.telus.rcms.tests.StatusChange.TC03_DB_DF_BIB_ACB_TIA_TIP_Renewal_DB_AF_Pay_BTP"/>
  <testcase name="testMethod_StatusChange" time="10.635" classname="com.telus.rcms.tests.StatusChange.TC04_DB_DF_BIB_Renewal_SIM_Only_AF">
    <failure type="com.intuit.karate.exception.KarateException" message="notifySubscriptionRenewalTC03.feature:11 - path: $, actual: 401, expected: 200, reason: not equal (Integer)">
      <![CDATA[com.intuit.karate.exception.KarateException: notifySubscriptionRenewalTC03.feature:11 - path: $, actual: 401, expected: 200, reason: not equal (Integer)
at ✽.Then match tc03RenewalStatus == 200 (notifySubscriptionRenewalTC03.feature:11)
]]>
    </failure>
  </testcase> <!-- testMethod_StatusChange -->
  <testcase name="testMethod_StatusChange" time="13.504" classname="com.telus.rcms.tests.StatusChange.TC05_DB_DF_BIB_Renewal_DB_Pay_BTP"/>
  <testcase name="testMethod_StatusChange" time="12.479" classname="com.telus.rcms.tests.StatusChange.TC06_DB_DF_BIB_Renewal_DB_Pay_BTP"/>
  <testcase name="testMethod_updateDeviceSerialNo" time="8.223" classname="com.telus.rcms.tests.UpdateDeviceSerialNo.TC01_Telus_DB_DF_BIB_ACB_TIA_TIP_AF_UpdateDeviceSerialNo">
    <failure type="com.intuit.karate.exception.KarateException" message="activationTC1.feature:12 - path: $, actual: 401, expected: 200, reason: not equal (Integer)">
      <![CDATA[com.intuit.karate.exception.KarateException: activationTC1.feature:12 - path: $, actual: 401, expected: 200, reason: not equal (Integer)
at ✽.Then match tc01ActivateTelusSubWithAllStatus == 200 (activationTC1.feature:12)
]]>
    </failure>
  </testcase> <!-- testMethod_updateDeviceSerialNo -->
  <testcase name="testMethod_updateDeviceSerialNo" time="11.164" classname="com.telus.rcms.tests.UpdateDeviceSerialNo.TC02_Telus_DB_DF_BIB_RCB_UpdateDeviceSerialNo"/>
  <testcase name="testMethod_updateDeviceSerialNo" time="9.559" classname="com.telus.rcms.tests.UpdateDeviceSerialNo.TC03_Koodo_TAB_HWS_UpdateDeviceSerialNo"/>
  <testcase name="testMethod_updateCommitmentItem" time="8.805" classname="com.telus.rcms.tests.UpdateItem.TC01_Telus_TIA_Update_Due_Date"/>
  <testcase name="testMethod_getupdateCommitmentItem" time="9.351" classname="com.telus.rcms.tests.UpdateItem.TC02_Telus_TIA_TIP_Update_Installment_Date_and_Post_inspection">
    <failure type="java.lang.AssertionError" message="Values are Different. Actual Value from DB Column - COMMITMENT_EFF_END_DT is : 2023-06-06 expected [2022-12-08] but found [2023-06-06]">
      <![CDATA[java.lang.AssertionError: Values are Different. Actual Value from DB Column - COMMITMENT_EFF_END_DT is : 2023-06-06 expected [2022-12-08] but found [2023-06-06]
at com.telus.rcms.utils.GenericUtils.validateAssertEqualsFromDB(GenericUtils.java:187)
at com.telus.rcms.utils.ValidationUtils.updateItemDBcheck(ValidationUtils.java:6047)
at com.telus.rcms.tests.UpdateItem.TC02_Telus_TIA_TIP_Update_Installment_Date_and_Post_inspection.payloadAndDbCheck(TC02_Telus_TIA_TIP_Update_Installment_Date_and_Post_inspection.java:154)
at com.telus.rcms.tests.UpdateItem.TC02_Telus_TIA_TIP_Update_Installment_Date_and_Post_inspection.testMethod_getupdateCommitmentItem(TC02_Telus_TIA_TIP_Update_Installment_Date_and_Post_inspection.java:144)
at java.util.concurrent.ThreadPoolExecutor.runWorker(Unknown Source)
at java.util.concurrent.ThreadPoolExecutor$Worker.run(Unknown Source)
at java.lang.Thread.run(Unknown Source)
... Removed 16 stack frames]]>
    </failure>
  </testcase> <!-- testMethod_getupdateCommitmentItem -->
  <testcase name="testMethod_updateCommitmentItem" time="10.115" classname="com.telus.rcms.tests.UpdateItem.TC03_Telus_DB_DF_BIB_ACB_TIA_TIP_Update_Installment_Date"/>
  <testcase name="testMethod_updateCommitmentItem" time="9.326" classname="com.telus.rcms.tests.UpdateItem.TC04_Telus_DB_DF_BIB_ACB_TIA_TIP_Update_Return_complete"/>
  <testcase name="testMethod_updateCommitmentItem" time="11.063" classname="com.telus.rcms.tests.UpdateItem.TC05_Telus_DB_DF_BIB_ACB_TIA_TIP_Renewal_DB_Update_Due_date"/>
  <testcase name="testMethod_updateCommitmentItem" time="10.882" classname="com.telus.rcms.tests.UpdateItem.TC06_Telus_DB_DF_BIB_ACB_TIA_TIP_Renewal_DB_Update_Return_complete"/>
  <testcase name="testMethod_updateCommitmentItem" time="8.879" classname="com.telus.rcms.tests.UpdateItem.TC07_Telus_TIA_Update_Due_Date"/>
  <testcase name="testMethod_updateCommitmentItem" time="10.812" classname="com.telus.rcms.tests.UpdateItem.TC08_Telus_TIA_Return_complete_Update_Due_date"/>
  <testcase name="testMethod_getupdateCommitmentItem" time="9.227" classname="com.telus.rcms.tests.UpdateItem.TC09_Telus_TIA_TIP_Update_Due_date_Post_inspection_TIA"/>
  <testcase name="testMethod_validateSubscriptionMscList" time="12.005" classname="com.telus.rcms.tests.ValidateSubscriptionMscList.TC01_Telus_AF_Renewal_AF"/>
  <testcase name="testMethod_validateSubscriptionMscList" time="12.733" classname="com.telus.rcms.tests.ValidateSubscriptionMscList.TC02_DB_AF_TIA_TIP_Renewal_DF_Pay_BILL"/>
  <testcase name="testMethod_validateSubscriptionMscList" time="12.732" classname="com.telus.rcms.tests.ValidateSubscriptionMscList.TC03_DB_DF_BIB_ACB_TIA_TIP_Renewal_DB_AF_Pay_BTP"/>
  <testcase name="testMethod_validateSubscriptionMscList" time="13.729" classname="com.telus.rcms.tests.ValidateSubscriptionMscList.TC04_DB_DF_BIB_Renewal_SIM_Only_AF"/>
  <testcase name="testMethod_validateSubscriptionMscList" time="13.267" classname="com.telus.rcms.tests.ValidateSubscriptionMscList.TC05_DB_DF_BIB_Renewal_DB_Pay_BTP"/>
  <testcase name="testMethod_validateSubscriptionMscList" time="13.039" classname="com.telus.rcms.tests.ValidateSubscriptionMscList.TC06_DB_DF_BIB_Renewal_DB_Pay_BTP"/>
</testsuite> <!-- RCMSRegressionTests -->
